<?xml version="1.0" encoding="UTF-8"?>
<testsuite name="TestUserInputMoveHandler" tests="1" skipped="0" failures="0" errors="0" timestamp="2016-02-15T14:04:46" hostname="Temp-PC" time="0.0">
  <properties/>
  <testcase name="testNotNull" classname="TestUserInputMoveHandler" time="0.0"/>
  <system-out><![CDATA[]]></system-out>
  <system-err><![CDATA[]]></system-err>
</testsuite>
